<?xml version="1.0" encoding="UTF-8"?>
<testng-results ignored="0" total="2" passed="2" failed="0" skipped="0">
  <reporter-output>
  </reporter-output>
  <suite started-at="2023-06-26T11:25:07 EEST" name="Default suite" finished-at="2023-06-26T11:26:34 EEST" duration-ms="86685">
    <groups>
    </groups>
    <test started-at="2023-06-26T11:25:07 EEST" name="Default test" finished-at="2023-06-26T11:26:34 EEST" duration-ms="86685">
      <class name="TestScenario.TestCases">
        <test-method is-config="true" signature="beforeTest()[pri:0, instance:TestScenario.TestCases@5432050b]" started-at="2023-06-26T11:25:07 EEST" name="beforeTest" finished-at="2023-06-26T11:25:09 EEST" duration-ms="2424" status="PASS">
          <reporter-output>
          </reporter-output>
        </test-method> <!-- beforeTest -->
        <test-method signature="A_test()[pri:0, instance:TestScenario.TestCases@5432050b]" started-at="2023-06-26T11:25:09 EEST" name="A_test" finished-at="2023-06-26T11:25:43 EEST" duration-ms="33573" status="PASS">
          <reporter-output>
          </reporter-output>
        </test-method> <!-- A_test -->
        <test-method signature="B_tetst()[pri:0, instance:TestScenario.TestCases@5432050b]" started-at="2023-06-26T11:25:43 EEST" name="B_tetst" finished-at="2023-06-26T11:26:34 EEST" duration-ms="50634" status="PASS">
          <reporter-output>
          </reporter-output>
        </test-method> <!-- B_tetst -->
        <test-method is-config="true" signature="afterTest()[pri:0, instance:TestScenario.TestCases@5432050b]" started-at="2023-06-26T11:26:34 EEST" name="afterTest" finished-at="2023-06-26T11:26:34 EEST" duration-ms="2" status="PASS">
          <reporter-output>
          </reporter-output>
        </test-method> <!-- afterTest -->
      </class> <!-- TestScenario.TestCases -->
    </test> <!-- Default test -->
  </suite> <!-- Default suite -->
</testng-results>
